<?xml version="1.0" encoding="UTF-8"?>
<!-- Generated by org.testng.reporters.JUnitXMLReporter -->
<testsuite ignored="0" hostname="DESKTOP-VK87GJ1" failures="0" tests="4" name="Default test" time="30.503" errors="0" timestamp="2025-07-10T12:49:03 IST">
  <testcase classname="testCases.TC002_LoginTest" name="loginValidData" time="4.413"/>
  <testcase classname="testCases.TC002_LoginTest" name="loginValidData" time="2.959"/>
  <testcase classname="testCases.TC002_LoginTest" name="loginValidData" time="2.398"/>
  <testcase classname="testCases.TC002_LoginTest" name="loginValidData" time="3.101"/>
</testsuite> <!-- Default test -->
