<?xml version="1.0" encoding="UTF-8"?>
<!-- Generated by org.testng.reporters.JUnitXMLReporter -->
<testsuite ignored="0" hostname="DESKTOP-VK87GJ1" failures="0" tests="4" name="DDT_Test" time="33.951" errors="0" timestamp="2025-07-10T17:46:17 IST">
  <testcase classname="testCases.TC003_LoginTest_DDT" name="verify_Login" time="5.467"/>
  <testcase classname="testCases.TC003_LoginTest_DDT" name="verify_Login" time="2.625"/>
  <testcase classname="testCases.TC003_LoginTest_DDT" name="verify_Login" time="6.784"/>
  <testcase classname="testCases.TC003_LoginTest_DDT" name="verify_Login" time="2.318"/>
</testsuite> <!-- DDT_Test -->
