<?xml version="1.0" encoding="UTF-8"?>
<testng-results ignored="0" total="2" passed="2" failed="0" skipped="0">
  <reporter-output>
  </reporter-output>
  <suite started-at="2025-07-10T21:02:44 IST" name="MasterSuite" finished-at="2025-07-10T21:03:46 IST" duration-ms="61989">
    <groups>
    </groups>
    <test started-at="2025-07-10T21:02:44 IST" name="MasterTest" finished-at="2025-07-10T21:03:46 IST" duration-ms="61989">
      <class name="testCases.TC002_LoginTest">
        <test-method is-config="true" signature="setup(java.lang.String)[pri:0, instance:testCases.TC002_LoginTest@302f7971]" started-at="2025-07-10T21:03:30 IST" name="setup" finished-at="2025-07-10T21:03:43 IST" duration-ms="12110" status="PASS">
          <params>
            <param index="0">
              <value>
                <![CDATA[chrome]]>
              </value>
            </param>
          </params>
          <reporter-output>
          </reporter-output>
        </test-method> <!-- setup -->
        <test-method signature="verify_Login()[pri:0, instance:testCases.TC002_LoginTest@302f7971]" started-at="2025-07-10T21:03:43 IST" name="verify_Login" finished-at="2025-07-10T21:03:45 IST" duration-ms="2829" status="PASS">
          <reporter-output>
          </reporter-output>
        </test-method> <!-- verify_Login -->
        <test-method is-config="true" signature="tearDown()[pri:0, instance:testCases.TC002_LoginTest@302f7971]" started-at="2025-07-10T21:03:45 IST" name="tearDown" finished-at="2025-07-10T21:03:46 IST" duration-ms="340" status="PASS">
          <reporter-output>
          </reporter-output>
        </test-method> <!-- tearDown -->
      </class> <!-- testCases.TC002_LoginTest -->
      <class name="testCases.TC001_AccountRegistrationTest">
        <test-method is-config="true" signature="setup(java.lang.String)[pri:0, instance:testCases.TC001_AccountRegistrationTest@5a5338df]" started-at="2025-07-10T21:02:44 IST" name="setup" finished-at="2025-07-10T21:03:24 IST" duration-ms="40079" status="PASS">
          <params>
            <param index="0">
              <value>
                <![CDATA[chrome]]>
              </value>
            </param>
          </params>
          <reporter-output>
          </reporter-output>
        </test-method> <!-- setup -->
        <test-method signature="TC001_EnterMandatoryField()[pri:0, instance:testCases.TC001_AccountRegistrationTest@5a5338df]" started-at="2025-07-10T21:03:24 IST" name="TC001_EnterMandatoryField" finished-at="2025-07-10T21:03:30 IST" duration-ms="5586" status="PASS">
          <reporter-output>
          </reporter-output>
        </test-method> <!-- TC001_EnterMandatoryField -->
        <test-method is-config="true" signature="tearDown()[pri:0, instance:testCases.TC001_AccountRegistrationTest@5a5338df]" started-at="2025-07-10T21:03:30 IST" name="tearDown" finished-at="2025-07-10T21:03:30 IST" duration-ms="411" status="PASS">
          <reporter-output>
          </reporter-output>
        </test-method> <!-- tearDown -->
      </class> <!-- testCases.TC001_AccountRegistrationTest -->
    </test> <!-- MasterTest -->
  </suite> <!-- MasterSuite -->
</testng-results>
