<?xml version="1.0" encoding="UTF-8"?>
<testng-results ignored="0" total="4" passed="4" failed="0" skipped="0">
  <reporter-output>
  </reporter-output>
  <suite started-at="2025-07-10T17:45:42 IST" name="DDTS_uite" finished-at="2025-07-10T17:46:16 IST" duration-ms="33951">
    <groups>
    </groups>
    <test started-at="2025-07-10T17:45:42 IST" name="DDT_Test" finished-at="2025-07-10T17:46:16 IST" duration-ms="33951">
      <class name="testCases.TC003_LoginTest_DDT">
        <test-method is-config="true" signature="setup(java.lang.String)[pri:0, instance:testCases.TC003_LoginTest_DDT@71812481]" started-at="2025-07-10T17:45:42 IST" name="setup" finished-at="2025-07-10T17:45:52 IST" duration-ms="10168" status="PASS">
          <params>
            <param index="0">
              <value>
                <![CDATA[chrome]]>
              </value>
            </param>
          </params>
          <reporter-output>
          </reporter-output>
        </test-method> <!-- setup -->
        <test-method signature="verify_Login(java.lang.String,java.lang.String)[pri:0, instance:testCases.TC003_LoginTest_DDT@71812481]" started-at="2025-07-10T17:45:56 IST" name="verify_Login" data-provider="loginDt" finished-at="2025-07-10T17:46:02 IST" duration-ms="5467" status="PASS">
          <params>
            <param index="0">
              <value>
                <![CDATA[gilberto.howe@gmail.com]]>
              </value>
            </param>
            <param index="1">
              <value>
                <![CDATA[v9iget1bqr1k]]>
              </value>
            </param>
          </params>
          <reporter-output>
          </reporter-output>
        </test-method> <!-- verify_Login -->
        <test-method signature="verify_Login(java.lang.String,java.lang.String)[pri:0, instance:testCases.TC003_LoginTest_DDT@71812481]" started-at="2025-07-10T17:46:02 IST" name="verify_Login" data-provider="loginDt" finished-at="2025-07-10T17:46:04 IST" duration-ms="2625" status="PASS">
          <params>
            <param index="0">
              <value>
                <![CDATA[jessenia.huels@gmail.com]]>
              </value>
            </param>
            <param index="1">
              <value>
                <![CDATA[gem0khx0s]]>
              </value>
            </param>
          </params>
          <reporter-output>
          </reporter-output>
        </test-method> <!-- verify_Login -->
        <test-method signature="verify_Login(java.lang.String,java.lang.String)[pri:0, instance:testCases.TC003_LoginTest_DDT@71812481]" started-at="2025-07-10T17:46:04 IST" name="verify_Login" data-provider="loginDt" finished-at="2025-07-10T17:46:11 IST" duration-ms="6784" status="PASS">
          <params>
            <param index="0">
              <value>
                <![CDATA[jessie.aufderhar@hotmail.com]]>
              </value>
            </param>
            <param index="1">
              <value>
                <![CDATA[3hi6bbes1]]>
              </value>
            </param>
          </params>
          <reporter-output>
          </reporter-output>
        </test-method> <!-- verify_Login -->
        <test-method signature="verify_Login(java.lang.String,java.lang.String)[pri:0, instance:testCases.TC003_LoginTest_DDT@71812481]" started-at="2025-07-10T17:46:11 IST" name="verify_Login" data-provider="loginDt" finished-at="2025-07-10T17:46:13 IST" duration-ms="2318" status="PASS">
          <params>
            <param index="0">
              <value>
                <![CDATA[mauricio.marquardt@gmail.com]]>
              </value>
            </param>
            <param index="1">
              <value>
                <![CDATA[tdto3sd906ij05]]>
              </value>
            </param>
          </params>
          <reporter-output>
          </reporter-output>
        </test-method> <!-- verify_Login -->
        <test-method is-config="true" signature="tearDown()[pri:0, instance:testCases.TC003_LoginTest_DDT@71812481]" started-at="2025-07-10T17:46:13 IST" name="tearDown" finished-at="2025-07-10T17:46:16 IST" duration-ms="2254" status="PASS">
          <reporter-output>
          </reporter-output>
        </test-method> <!-- tearDown -->
      </class> <!-- testCases.TC003_LoginTest_DDT -->
    </test> <!-- DDT_Test -->
  </suite> <!-- DDTS_uite -->
</testng-results>
